生成启动时间为 2018/6/22 14:57:55。
     1>项目“G:\chip_config_dll\vs_proj\chip_config_dll\chip_dll.vcxproj”在节点 2 上(rebuild 个目标)。
       项目文件包含 ToolsVersion="14.0" 设置，而此版本的 MSBuild 不支持该工具版本。该项目将视为包含 ToolsVersion="4.0" 设置。
     1>_PrepareForClean:
         正在删除文件“Debug\chip_config_dll.lastbuildstate”。
       InitializeBuildStatus:
         正在创建“Debug\chip_config_dll.unsuccessfulbuild”，因为已指定“AlwaysCreate”。
       ClCompile:
         D:\Program Files (x86)\VisualStudio2010\VC\bin\CL.exe /c /ZI /nologo /W3 /WX- /MP /Od /Oy- /D WIN32 /D _DEBUG /D _WINDOWS /D _USRDLL /D CHIP_CONFIG_DLL_EXPORTS /D WXUSINGDLL /D _WINDLL /D _UNICODE /D UNICODE /Gm- /EHsc /RTC1 /MDd /GS /fp:precise /Zc:wchar_t /Zc:forScope /Fo"Debug\\" /Fd"Debug\vc100.pdb" /Gd /TP /wd4996 /analyze- /errorReport:prompt cJSON.cpp chip_config_dll.cpp json_node.cpp stdafx.cpp
         cJSON.cpp
         chip_config_dll.cpp
         json_node.cpp
         stdafx.cpp
     1>g:\chip_config_dll\vs_proj\chip_config_dll\chip_config_dll.cpp(55): warning C4129: “c”: 不可识别的字符转义序列
     1>g:\chip_config_dll\vs_proj\chip_config_dll\chip_config_dll.cpp(55): warning C4129: “h”: 不可识别的字符转义序列
     1>g:\chip_config_dll\vs_proj\chip_config_dll\chip_config_dll.cpp(55): warning C4129: “p”: 不可识别的字符转义序列
         D:\Program Files (x86)\VisualStudio2010\VC\bin\CL.exe /c /ZI /nologo /W3 /WX- /MP /Od /Oy- /D WIN32 /D _DEBUG /D _WINDOWS /D _USRDLL /D CHIP_CONFIG_DLL_EXPORTS /D WXUSINGDLL /D _WINDLL /D _UNICODE /D UNICODE /Gm- /EHsc /RTC1 /MDd /GS /fp:precise /Zc:wchar_t /Zc:forScope /Fo"Debug\\" /Fd"Debug\vc100.pdb" /Gd /TP /wd4996 /analyze- /errorReport:prompt dllmain.cpp
         dllmain.cpp
       Link:
         D:\Program Files (x86)\VisualStudio2010\VC\bin\link.exe /ERRORREPORT:PROMPT /OUT:"G:\chip_config_dll\vs_proj\Debug\chip_config_dll.dll" /INCREMENTAL /NOLOGO wxzlibd.lib wxbase31ud.lib wxbase31ud_net.lib wxbase31ud_xml.lib wxexpatd.lib wxjpegd.lib wxmsw31ud_adv.lib wxmsw31ud_aui.lib wxmsw31ud_core.lib wxmsw31ud_gl.lib wxmsw31ud_html.lib wxmsw31ud_media.lib wxmsw31ud_propgrid.lib wxmsw31ud_qa.lib wxmsw31ud_ribbon.lib wxmsw31ud_richtext.lib wxmsw31ud_stc.lib wxmsw31ud_webview.lib wxmsw31ud_xrc.lib wxpngd.lib wxscintillad.lib wxtiffd.lib wxregexud.lib kernel32.lib user32.lib gdi32.lib winspool.lib comdlg32.lib advapi32.lib shell32.lib ole32.lib oleaut32.lib uuid.lib odbc32.lib odbccp32.lib /MANIFEST:NO /DEBUG /PDB:"G:\chip_config_dll\vs_proj\Debug\chip_config_dll.pdb" /SUBSYSTEM:WINDOWS /TLBID:1 /DYNAMICBASE /NXCOMPAT /IMPLIB:"G:\chip_config_dll\vs_proj\Debug\chip_config_dll.lib" /MACHINE:X86 /DLL Debug\cJSON.obj
         Debug\dllmain.obj
         Debug\chip_config_dll.obj
         Debug\json_node.obj
         Debug\stdafx.obj
            正在创建库 G:\chip_config_dll\vs_proj\Debug\chip_config_dll.lib 和对象 G:\chip_config_dll\vs_proj\Debug\chip_config_dll.exp
         chip_dll.vcxproj -> G:\chip_config_dll\vs_proj\Debug\chip_config_dll.dll
       FinalizeBuildStatus:
         正在删除文件“Debug\chip_config_dll.unsuccessfulbuild”。
         正在对“Debug\chip_config_dll.lastbuildstate”执行 Touch 任务。
     1>已完成生成项目“G:\chip_config_dll\vs_proj\chip_config_dll\chip_dll.vcxproj”(rebuild 个目标)的操作。

生成成功。

已用时间 00:00:05.51
