G:\chip_config_dll\vs_proj\chip_config_dll\Debug\chip_config_dll.obj
G:\chip_config_dll\vs_proj\chip_config_dll\Debug\chip_config_dll.write.1.tlog
G:\chip_config_dll\vs_proj\chip_config_dll\Debug\cJSON.obj
G:\chip_config_dll\vs_proj\chip_config_dll\Debug\CL.12920.read.1.tlog
G:\chip_config_dll\vs_proj\chip_config_dll\Debug\CL.12920.write.1.tlog
G:\chip_config_dll\vs_proj\chip_config_dll\Debug\CL.17496.read.1.tlog
G:\chip_config_dll\vs_proj\chip_config_dll\Debug\CL.17496.write.1.tlog
G:\chip_config_dll\vs_proj\chip_config_dll\Debug\CL.17504.read.1.tlog
G:\chip_config_dll\vs_proj\chip_config_dll\Debug\CL.17504.write.1.tlog
G:\chip_config_dll\vs_proj\chip_config_dll\Debug\CL.480.read.1.tlog
G:\chip_config_dll\vs_proj\chip_config_dll\Debug\CL.480.write.1.tlog
G:\chip_config_dll\vs_proj\chip_config_dll\Debug\cl.command.1.tlog
G:\chip_config_dll\vs_proj\chip_config_dll\Debug\CL.read.1.tlog
G:\chip_config_dll\vs_proj\chip_config_dll\Debug\cl.write.1.tlog
G:\CHIP_CONFIG_DLL\VS_PROJ\CHIP_CONFIG_DLL\DEBUG\DLLMAIN.OBJ
G:\chip_config_dll\vs_proj\chip_config_dll\Debug\json_node.obj
G:\chip_config_dll\vs_proj\chip_config_dll\Debug\link.command.1.tlog
G:\chip_config_dll\vs_proj\chip_config_dll\Debug\link.read.1.tlog
G:\chip_config_dll\vs_proj\chip_config_dll\Debug\link.write.1.tlog
G:\chip_config_dll\vs_proj\chip_config_dll\Debug\stdafx.obj
G:\chip_config_dll\vs_proj\chip_config_dll\Debug\vc100.idb
G:\CHIP_CONFIG_DLL\VS_PROJ\CHIP_CONFIG_DLL\DEBUG\VC100.PDB
G:\CHIP_CONFIG_DLL\VS_PROJ\DEBUG\CHIP_CONFIG_DLL.DLL
G:\chip_config_dll\vs_proj\Debug\chip_config_dll.exp
G:\CHIP_CONFIG_DLL\VS_PROJ\DEBUG\CHIP_CONFIG_DLL.ILK
G:\chip_config_dll\vs_proj\Debug\chip_config_dll.lib
G:\CHIP_CONFIG_DLL\VS_PROJ\DEBUG\CHIP_CONFIG_DLL.PDB
