G:\chip_config_dll\vs_proj\chip_config_dll\Debug\chip_config_dll.obj
G:\chip_config_dll\vs_proj\chip_config_dll\Debug\chip_config_dll.write.1.tlog
G:\chip_config_dll\vs_proj\chip_config_dll\Debug\chip_dll.vcxprojResolveAssemblyReference.cache
G:\chip_config_dll\vs_proj\chip_config_dll\Debug\cJSON.obj
G:\chip_config_dll\vs_proj\chip_config_dll\Debug\CL.14936.read.1.tlog
G:\chip_config_dll\vs_proj\chip_config_dll\Debug\CL.14936.write.1.tlog
G:\chip_config_dll\vs_proj\chip_config_dll\Debug\CL.15040.read.1.tlog
G:\chip_config_dll\vs_proj\chip_config_dll\Debug\CL.15040.write.1.tlog
G:\chip_config_dll\vs_proj\chip_config_dll\Debug\CL.3888.read.1.tlog
G:\chip_config_dll\vs_proj\chip_config_dll\Debug\CL.3888.write.1.tlog
G:\chip_config_dll\vs_proj\chip_config_dll\Debug\CL.6576.read.1.tlog
G:\chip_config_dll\vs_proj\chip_config_dll\Debug\CL.6576.write.1.tlog
G:\chip_config_dll\vs_proj\chip_config_dll\Debug\cl.command.1.tlog
G:\chip_config_dll\vs_proj\chip_config_dll\Debug\CL.read.1.tlog
G:\chip_config_dll\vs_proj\chip_config_dll\Debug\cl.write.1.tlog
G:\CHIP_CONFIG_DLL\VS_PROJ\CHIP_CONFIG_DLL\DEBUG\DLLMAIN.OBJ
G:\chip_config_dll\vs_proj\chip_config_dll\Debug\json_node.obj
G:\chip_config_dll\vs_proj\chip_config_dll\Debug\link.command.1.tlog
G:\chip_config_dll\vs_proj\chip_config_dll\Debug\link.read.1.tlog
G:\chip_config_dll\vs_proj\chip_config_dll\Debug\link.write.1.tlog
G:\chip_config_dll\vs_proj\chip_config_dll\Debug\stdafx.obj
G:\chip_config_dll\vs_proj\chip_config_dll\Debug\vc100.idb
G:\CHIP_CONFIG_DLL\VS_PROJ\CHIP_CONFIG_DLL\DEBUG\VC100.PDB
G:\CHIP_CONFIG_DLL\VS_PROJ\DEBUG\GO_FUCK_SHIT.DLL
G:\chip_config_dll\vs_proj\Debug\go_fuck_shit.exp
G:\CHIP_CONFIG_DLL\VS_PROJ\DEBUG\GO_FUCK_SHIT.ILK
G:\chip_config_dll\vs_proj\Debug\go_fuck_shit.lib
G:\CHIP_CONFIG_DLL\VS_PROJ\DEBUG\GO_FUCK_SHIT.PDB
